WARNING: A restricted method in java.lang.System has been called
WARNING: java.lang.System::load has been called by net.rubygrapefruit.platform.internal.NativeLibraryLoader in an unnamed module (file:/home/nzrs/.gradle/wrapper/dists/gradle-9.3.1-bin/23ovyewtku6u96viwx3xl3oks/gradle-9.3.1/lib/native-platform-0.22-milestone-29.jar)
WARNING: Use --enable-native-access=ALL-UNNAMED to avoid a warning for callers in this module
WARNING: Restricted methods will be blocked in a future release unless native access is enabled

> Task :app:preBuild UP-TO-DATE
> Task :app:preReleaseBuild UP-TO-DATE
> Task :app:mergeReleaseJniLibFolders UP-TO-DATE
> Task :app:mergeReleaseNativeLibs UP-TO-DATE
> Task :app:stripReleaseDebugSymbols UP-TO-DATE
> Task :app:extractReleaseNativeSymbolTables UP-TO-DATE
> Task :app:mergeReleaseNativeDebugMetadata NO-SOURCE
> Task :app:checkReleaseDuplicateClasses UP-TO-DATE
> Task :app:mergeReleaseArtProfile UP-TO-DATE
> Task :app:generateReleaseBuildConfig UP-TO-DATE
> Task :app:generateReleaseResources UP-TO-DATE
> Task :app:prepareLibraryDefinitionsRelease UP-TO-DATE
> Task :app:packageReleaseResources UP-TO-DATE
> Task :app:processReleaseNavigationResources UP-TO-DATE
> Task :app:parseReleaseLocalResources UP-TO-DATE
> Task :app:generateReleaseRFile UP-TO-DATE
> Task :app:kspReleaseKotlin
> Task :app:compileReleaseKotlin
w: file:///home/nzrs/Projects/LibreFit/app/src/main/java/org/nexc/core/activities/ErrorActivity.kt:89:20 'fun getSerializableExtra(p0: String!): Serializable?' is deprecated. Deprecated in Java.
w: file:///home/nzrs/Projects/LibreFit/app/src/main/java/org/nexc/core/components/modalBottomSheets/InfoModalBottomSheet.kt:52:13 'when' is exhaustive so 'else' is redundant here.
w: file:///home/nzrs/Projects/LibreFit/app/src/main/java/org/nexc/core/components/modalBottomSheets/InfoModalBottomSheet.kt:61:13 'when' is exhaustive so 'else' is redundant here.
w: file:///home/nzrs/Projects/LibreFit/app/src/main/java/org/nexc/core/components/modalBottomSheets/InfoModalBottomSheet.kt:97:25 'when' is exhaustive so 'else' is redundant here.
w: file:///home/nzrs/Projects/LibreFit/app/src/main/java/org/nexc/core/db/repository/DatasetRepository.kt:62:102 'field versionCode: Int' is deprecated. Deprecated in Java.
w: file:///home/nzrs/Projects/LibreFit/app/src/main/java/org/nexc/core/db/repository/UserPreferencesRepository.kt:204:26 This declaration overrides a deprecated member but is not marked as deprecated itself. Add the '@Deprecated' annotation or suppress the diagnostic.
w: file:///home/nzrs/Projects/LibreFit/app/src/main/java/org/nexc/core/helpers/DataHelper.kt:299:27 Redundant call of conversion method.
w: file:///home/nzrs/Projects/LibreFit/app/src/main/java/org/nexc/core/services/WorkoutService.kt:108:61 'static field VIBRATOR_SERVICE: String' is deprecated. Deprecated in Java.
w: file:///home/nzrs/Projects/LibreFit/app/src/main/java/org/nexc/core/util/BackupManager.kt:34:5 This annotation is currently applied to the value parameter only, but in the future it will also be applied to field.
- To opt in to applying to both value parameter and field, add '-Xannotation-default-target=param-property' to your compiler arguments.
- To keep applying to the value parameter only, use the '@param:' annotation target.

See https://youtrack.jetbrains.com/issue/KT-73255 for more details.
w: file:///home/nzrs/Projects/LibreFit/app/src/main/java/org/nexc/core/util/Formatter.kt:162:13 'when' is exhaustive so 'else' is redundant here.
w: file:///home/nzrs/Projects/LibreFit/app/src/main/java/org/nexc/features/editWorkout/EditWorkoutScreen.kt:306:44 'fun toInt(): Int' is deprecated. Conversion of Char to Number is deprecated. Use Char.code property instead.
w: file:///home/nzrs/Projects/LibreFit/app/src/main/java/org/nexc/features/editWorkout/EditWorkoutScreenViewModel.kt:100:87 Unnecessary safe call on a non-null receiver of type 'Workout'.
w: file:///home/nzrs/Projects/LibreFit/app/src/main/java/org/nexc/features/settings/BackupScreen.kt:43:34 'fun <reified VM : ViewModel> hiltViewModel(viewModelStoreOwner: ViewModelStoreOwner = ..., key: String? = ...): VM' is deprecated. Moved to package: androidx.hilt.lifecycle.viewmodel.compose.
w: file:///home/nzrs/Projects/LibreFit/app/src/main/java/org/nexc/features/settings/SettingsScreenViewModel.kt:80:17 'when' is exhaustive so 'else' is redundant here.
w: file:///home/nzrs/Projects/LibreFit/app/src/main/java/org/nexc/features/shared/SuccessScreen.kt:81:28 'val LocalClipboardManager: ProvidableCompositionLocal<ClipboardManager>' is deprecated. Use LocalClipboard instead which supports suspend functions.
w: file:///home/nzrs/Projects/LibreFit/app/src/main/java/org/nexc/features/workout/WorkoutScreen.kt:445:40 'fun toInt(): Int' is deprecated. Conversion of Char to Number is deprecated. Use Char.code property instead.

> Task :app:javaPreCompileRelease

> Task :app:compileReleaseJavaWithJavac
warning: The following options were not recognized by any processor: '[dagger.fastInit, dagger.hilt.android.internal.disableAndroidSuperclassValidation, dagger.hilt.android.internal.projectType, dagger.hilt.internal.useAggregatingRootProcessor]'
1 warning

> Task :app:hiltSyncRelease
> Task :app:hiltAggregateDepsRelease
> Task :app:hiltJavaCompileRelease
> Task :app:checkReleaseAarMetadata
> Task :app:mapReleaseSourceSetPaths
> Task :app:compileReleaseNavigationResources
> Task :app:mergeReleaseResources
> Task :app:createReleaseCompatibleScreenManifests
> Task :app:extractDeepLinksRelease
> Task :app:processReleaseMainManifest
> Task :app:processReleaseManifest
> Task :app:processReleaseManifestForPackage
warn: removing resource org.nexc.app:string/coming_soon without required default value.
warn: removing resource org.nexc.app:string/companion_app_desc without required default value.
warn: removing resource org.nexc.app:string/companion_app_not_found without required default value.
warn: removing resource org.nexc.app:string/companion_signature_error without required default value.
warn: removing resource org.nexc.app:string/contribute without required default value.
warn: removing resource org.nexc.app:string/contributed_to without required default value.
warn: removing resource org.nexc.app:string/contributors without required default value.
warn: removing resource org.nexc.app:string/create_exercises without required default value.
warn: removing resource org.nexc.app:string/donate without required default value.
warn: removing resource org.nexc.app:string/founder without required default value.
warn: removing resource org.nexc.app:string/invalid_companion_app_signature without required default value.
warn: removing resource org.nexc.app:string/library without required default value.
warn: removing resource org.nexc.app:string/nexc_app_not_found without required default value.
warn: removing resource org.nexc.app:string/nexc_signature_error without required default value.
warn: removing resource org.nexc.app:string/status without required default value.
warn: removing resource org.nexc.app:string/support_project without required default value.
warn: removing resource org.nexc.app:string/translators without required default value.
warn: removing resource org.nexc.app:string/unknown_error without required default value.
warn: removing resource org.nexc.app:string/valid_companion_app_signature without required default value.
warn: removing resource org.nexc.app:string/verify_companion_app without required default value.
warn: removing resource org.nexc.app:string/verify_companion_or_code without required default value.
warn: removing resource org.nexc.app:string/website without required default value.

> Task :app:processReleaseResources
> Task :app:transformReleaseClassesWithAsm
> Task :app:expandReleaseArtProfileWildcards
> Task :app:extractProguardFiles
> Task :app:mergeReleaseGeneratedProguardFiles
> Task :app:processReleaseJavaRes
> Task :app:mergeReleaseJavaResource
> Task :app:mergeReleaseStartupProfile
> Task :app:minifyReleaseWithR8
> Task :app:produceReleaseComposeMapping
> Task :app:reportReleaseComposeMappingErrors
> Task :app:mergeReleaseComposeMapping
> Task :app:compileReleaseArtProfile
> Task :app:generateReleaseAssets UP-TO-DATE
> Task :app:mergeReleaseAssets
> Task :app:compressReleaseAssets
> Task :app:convertShrunkResourcesToBinaryRelease
> Task :app:optimizeReleaseResources
> Task :app:collectReleaseDependencies
> Task :app:sdkReleaseDependencyData
> Task :app:validateSigningRelease
> Task :app:writeReleaseAppMetadata
> Task :app:writeReleaseSigningConfigVersions
> Task :app:packageRelease
> Task :app:createReleaseApkListingFileRedirect
> Task :app:assembleRelease

[Incubating] Problems report is available at: file:///home/nzrs/Projects/LibreFit/build/reports/problems/problems-report.html

BUILD SUCCESSFUL in 4m 16s
53 actionable tasks: 40 executed, 13 up-to-date
Consider enabling configuration cache to speed up this build: https://docs.gradle.org/9.3.1/userguide/configuration_cache_enabling.html
